# JRE version: OpenJDK Runtime Environment (8.0_202-b03) (build 1.8.0_202-release-1483-b03)
# Java VM: OpenJDK 64-Bit Server VM (25.202-b03 mixed mode windows-amd64 compressed oops)
Heap:
 PSYoungGen      total 254464K, used 207201K [0x00000000e0000000, 0x00000000f1180000, 0x0000000100000000)
  eden space 228864K, 90% used [0x00000000e0000000,0x00000000eca58578,0x00000000edf80000)
  from space 25600K, 0% used [0x00000000edf80000,0x00000000edf80000,0x00000000ef880000)
  to   space 23552K, 0% used [0x00000000ef980000,0x00000000ef980000,0x00000000f1080000)
 ParOldGen       total 230400K, used 55078K [0x00000000a0000000, 0x00000000ae100000, 0x00000000e0000000)
  object space 230400K, 23% used [0x00000000a0000000,0x00000000a35c9b98,0x00000000ae100000)
 Metaspace       used 92420K, capacity 96360K, committed 96600K, reserved 1132544K
  class space    used 12052K, capacity 12812K, committed 12928K, reserved 1048576K
GC Heap History (10 events):
Event: 327.130 GC heap before
{Heap before GC invocations=18 (full 3):
 PSYoungGen      total 226304K, used 226295K [0x00000000e0000000, 0x00000000ef800000, 0x0000000100000000)
  eden space 205824K, 100% used [0x00000000e0000000,0x00000000ec900000,0x00000000ec900000)
  from space 20480K, 99% used [0x00000000ee280000,0x00000000ef67dcf8,0x00000000ef680000)
  to   space 24064K, 0% used [0x00000000ec900000,0x00000000ec900000,0x00000000ee080000)
 ParOldGen       total 130560K, used 35359K [0x00000000a0000000, 0x00000000a7f80000, 0x00000000e0000000)
  object space 130560K, 27% used [0x00000000a0000000,0x00000000a2287d68,0x00000000a7f80000)
 Metaspace       used 76187K, capacity 79314K, committed 79576K, reserved 1118208K
  class space    used 9988K, capacity 10645K, committed 10752K, reserved 1048576K
Event: 327.195 GC heap after
Heap after GC invocations=18 (full 3):
 PSYoungGen      total 229888K, used 7286K [0x00000000e0000000, 0x00000000f1080000, 0x0000000100000000)
  eden space 205824K, 0% used [0x00000000e0000000,0x00000000e0000000,0x00000000ec900000)
  from space 24064K, 30% used [0x00000000ec900000,0x00000000ed01dae8,0x00000000ee080000)
  to   space 23552K, 0% used [0x00000000ef980000,0x00000000ef980000,0x00000000f1080000)
 ParOldGen       total 130560K, used 53693K [0x00000000a0000000, 0x00000000a7f80000, 0x00000000e0000000)
  object space 130560K, 41% used [0x00000000a0000000,0x00000000a346f7d0,0x00000000a7f80000)
 Metaspace       used 76187K, capacity 79314K, committed 79576K, reserved 1118208K
  class space    used 9988K, capacity 10645K, committed 10752K, reserved 1048576K
}
Event: 333.321 GC heap before
{Heap before GC invocations=19 (full 3):
 PSYoungGen      total 229888K, used 213105K [0x00000000e0000000, 0x00000000f1080000, 0x0000000100000000)
  eden space 205824K, 99% used [0x00000000e0000000,0x00000000ec8fea78,0x00000000ec900000)
  from space 24064K, 30% used [0x00000000ec900000,0x00000000ed01dae8,0x00000000ee080000)
  to   space 23552K, 0% used [0x00000000ef980000,0x00000000ef980000,0x00000000f1080000)
 ParOldGen       total 130560K, used 53693K [0x00000000a0000000, 0x00000000a7f80000, 0x00000000e0000000)
  object space 130560K, 41% used [0x00000000a0000000,0x00000000a346f7d0,0x00000000a7f80000)
 Metaspace       used 84904K, capacity 88114K, committed 88280K, reserved 1126400K
  class space    used 11024K, capacity 11685K, committed 11776K, reserved 1048576K
Event: 333.348 GC heap after
Heap after GC invocations=19 (full 3):
 PSYoungGen      total 252416K, used 19031K [0x00000000e0000000, 0x00000000f1180000, 0x0000000100000000)
  eden space 228864K, 0% used [0x00000000e0000000,0x00000000e0000000,0x00000000edf80000)
  from space 23552K, 80% used [0x00000000ef980000,0x00000000f0c15cb8,0x00000000f1080000)
  to   space 25600K, 0% used [0x00000000edf80000,0x00000000edf80000,0x00000000ef880000)
 ParOldGen       total 130560K, used 53701K [0x00000000a0000000, 0x00000000a7f80000, 0x00000000e0000000)
  object space 130560K, 41% used [0x00000000a0000000,0x00000000a34717d0,0x00000000a7f80000)
 Metaspace       used 84904K, capacity 88114K, committed 88280K, reserved 1126400K
  class space    used 11024K, capacity 11685K, committed 11776K, reserved 1048576K
}
Event: 337.995 GC heap before
{Heap before GC invocations=20 (full 3):
 PSYoungGen      total 252416K, used 247889K [0x00000000e0000000, 0x00000000f1180000, 0x0000000100000000)
  eden space 228864K, 99% used [0x00000000e0000000,0x00000000edf7e9b0,0x00000000edf80000)
  from space 23552K, 80% used [0x00000000ef980000,0x00000000f0c15cb8,0x00000000f1080000)
  to   space 25600K, 0% used [0x00000000edf80000,0x00000000edf80000,0x00000000ef880000)
 ParOldGen       total 130560K, used 53701K [0x00000000a0000000, 0x00000000a7f80000, 0x00000000e0000000)
  object space 130560K, 41% used [0x00000000a0000000,0x00000000a34717d0,0x00000000a7f80000)
 Metaspace       used 89884K, capacity 93676K, committed 93912K, reserved 1130496K
  class space    used 11761K, capacity 12508K, committed 12544K, reserved 1048576K
Event: 338.300 GC heap after
Heap after GC invocations=20 (full 3):
 PSYoungGen      total 254464K, used 25599K [0x00000000e0000000, 0x00000000f1180000, 0x0000000100000000)
  eden space 228864K, 0% used [0x00000000e0000000,0x00000000e0000000,0x00000000edf80000)
  from space 25600K, 99% used [0x00000000edf80000,0x00000000ef87fe58,0x00000000ef880000)
  to   space 23552K, 0% used [0x00000000ef980000,0x00000000ef980000,0x00000000f1080000)
 ParOldGen       total 130560K, used 103601K [0x00000000a0000000, 0x00000000a7f80000, 0x00000000e0000000)
  object space 130560K, 79% used [0x00000000a0000000,0x00000000a652c630,0x00000000a7f80000)
 Metaspace       used 89884K, capacity 93676K, committed 93912K, reserved 1130496K
  class space    used 11761K, capacity 12508K, committed 12544K, reserved 1048576K
}
Event: 338.301 GC heap before
{Heap before GC invocations=21 (full 4):
 PSYoungGen      total 254464K, used 25599K [0x00000000e0000000, 0x00000000f1180000, 0x0000000100000000)
  eden space 228864K, 0% used [0x00000000e0000000,0x00000000e0000000,0x00000000edf80000)
  from space 25600K, 99% used [0x00000000edf80000,0x00000000ef87fe58,0x00000000ef880000)
  to   space 23552K, 0% used [0x00000000ef980000,0x00000000ef980000,0x00000000f1080000)
 ParOldGen       total 130560K, used 103601K [0x00000000a0000000, 0x00000000a7f80000, 0x00000000e0000000)
  object space 130560K, 79% used [0x00000000a0000000,0x00000000a652c630,0x00000000a7f80000)
 Metaspace       used 89884K, capacity 93676K, committed 93912K, reserved 1130496K
  class space    used 11761K, capacity 12508K, committed 12544K, reserved 1048576K
Event: 339.350 GC heap after
Heap after GC invocations=21 (full 4):
 PSYoungGen      total 254464K, used 0K [0x00000000e0000000, 0x00000000f1180000, 0x0000000100000000)
  eden space 228864K, 0% used [0x00000000e0000000,0x00000000e0000000,0x00000000edf80000)
  from space 25600K, 0% used [0x00000000edf80000,0x00000000edf80000,0x00000000ef880000)
  to   space 23552K, 0% used [0x00000000ef980000,0x00000000ef980000,0x00000000f1080000)
 ParOldGen       total 130560K, used 118813K [0x00000000a0000000, 0x00000000a7f80000, 0x00000000e0000000)
  object space 130560K, 91% used [0x00000000a0000000,0x00000000a74075a8,0x00000000a7f80000)
 Metaspace       used 89674K, capacity 93114K, committed 93912K, reserved 1130496K
  class space    used 11691K, capacity 12383K, committed 12544K, reserved 1048576K
}
Event: 1017.045 GC heap before
{Heap before GC invocations=22 (full 5):
 PSYoungGen      total 254464K, used 228864K [0x00000000e0000000, 0x00000000f1180000, 0x0000000100000000)
  eden space 228864K, 100% used [0x00000000e0000000,0x00000000edf80000,0x00000000edf80000)
  from space 25600K, 0% used [0x00000000edf80000,0x00000000edf80000,0x00000000ef880000)
  to   space 23552K, 0% used [0x00000000ef980000,0x00000000ef980000,0x00000000f1080000)
 ParOldGen       total 130560K, used 118813K [0x00000000a0000000, 0x00000000a7f80000, 0x00000000e0000000)
  object space 130560K, 91% used [0x00000000a0000000,0x00000000a74075a8,0x00000000a7f80000)
 Metaspace       used 92258K, capacity 96088K, committed 96344K, reserved 1132544K
  class space    used 12050K, capacity 12810K, committed 12928K, reserved 1048576K
Event: 1017.291 GC heap after
Heap after GC invocations=22 (full 5):
 PSYoungGen      total 254464K, used 0K [0x00000000e0000000, 0x00000000f1180000, 0x0000000100000000)
  eden space 228864K, 0% used [0x00000000e0000000,0x00000000e0000000,0x00000000edf80000)
  from space 25600K, 0% used [0x00000000edf80000,0x00000000edf80000,0x00000000ef880000)
  to   space 23552K, 0% used [0x00000000ef980000,0x00000000ef980000,0x00000000f1080000)
 ParOldGen       total 230400K, used 55078K [0x00000000a0000000, 0x00000000ae100000, 0x00000000e0000000)
  object space 230400K, 23% used [0x00000000a0000000,0x00000000a35c9b98,0x00000000ae100000)
 Metaspace       used 92258K, capacity 96088K, committed 96344K, reserved 1132544K
  class space    used 12050K, capacity 12810K, committed 12928K, reserved 1048576K
}

